1.3340290784835815 1.1231001615524292
1.0407296419143677 0.9798177480697632
0.9360613822937012 0.9078502655029297
0.8856532573699951 0.8748242855072021
1.151684284210205 1.0203806161880493
0.9691562652587891 0.9333087205886841
0.9065046906471252 0.8891327977180481
0.8727489709854126 0.8638193011283875
0.8524459600448608 0.8479067087173462
0.8392947316169739 0.8372707366943359
0.8299126625061035 0.829258382320404
0.8225337266921997 0.8227465152740479
0.816284716129303 0.8171036243438721
0.8107656836509705 0.8119321465492249
0.805666983127594 0.8070552349090576
0.8009952306747437 0.8027181625366211
0.7966701984405518 0.7985095977783203
0.7925393581390381 0.794572114944458
0.788635790348053 0.7907482981681824
0.7848556041717529 0.7871730923652649
0.78139328956604 0.7840900421142578
0.7783657312393188 0.7812391519546509
0.7756151556968689 0.7785896062850952
0.7730809450149536 0.7762601375579834
0.7706868052482605 0.7741187810897827
0.7684575319290161 0.7718376517295837
0.7662645578384399 0.7697364687919617
0.7641961574554443 0.7678320407867432
0.7621878981590271 0.7658607363700867
0.7602888941764832 0.764110267162323
