1.3290570974349976 1.1251736879348755
1.0550240278244019 1.0070425271987915
0.9712420701980591 0.944978654384613
0.9182952642440796 0.9004718661308289
0.8823188543319702 0.8724878430366516
0.8594610691070557 0.8548145890235901
0.8440976738929749 0.841860294342041
0.8327811360359192 0.8321994543075562
0.8234531283378601 0.8236920833587646
0.8154386878013611 0.8160513043403625
0.8083978891372681 0.809919536113739
0.802253246307373 0.8038422465324402
0.7967374920845032 0.798761785030365
0.7921407222747803 0.7946878671646118
0.7881871461868286 0.7909392714500427
0.7846295833587646 0.7876092195510864
0.7814616560935974 0.7849080562591553
0.7785524129867554 0.7818558812141418
0.7759339213371277 0.7797225713729858
0.7734938859939575 0.7772887945175171
0.7713090777397156 0.7751634120941162
0.7692199349403381 0.773431122303009
0.7671730518341064 0.7715491056442261
0.7653369903564453 0.7696089744567871
0.7635621428489685 0.7679519057273865
0.7619218230247498 0.7663648128509521
0.760299026966095 0.7647550702095032
0.7587315440177917 0.7636283040046692
0.757266640663147 0.7617913484573364
0.7558496594429016 0.7603083848953247
